0 info it worked if it ends with ok
1 verbose cli [ '/home/metlife/.meteor/packages/meteor-tool/.1.4.1_2.1ho4ff1++os.linux.x86_64+web.browser+web.cordova/mt-os.linux.x86_64/dev_bundle/bin/node',
1 verbose cli   '/home/metlife/.meteor/packages/meteor-tool/.1.4.1_2.1ho4ff1++os.linux.x86_64+web.browser+web.cordova/mt-os.linux.x86_64/dev_bundle/bin/npm',
1 verbose cli   'install',
1 verbose cli   '--save',
1 verbose cli   'bcrypt' ]
2 info using npm@3.10.8
3 info using node@v4.6.0
4 silly loadCurrentTree Starting
5 silly install loadCurrentTree
6 silly install readLocalPackageData
7 silly fetchPackageMetaData bcrypt
8 silly fetchNamedPackageData bcrypt
9 silly mapToRegistry name bcrypt
10 silly mapToRegistry using default registry
11 silly mapToRegistry registry https://registry.npmjs.org/
12 silly mapToRegistry data Result {
12 silly mapToRegistry   raw: 'bcrypt',
12 silly mapToRegistry   scope: null,
12 silly mapToRegistry   escapedName: 'bcrypt',
12 silly mapToRegistry   name: 'bcrypt',
12 silly mapToRegistry   rawSpec: '',
12 silly mapToRegistry   spec: 'latest',
12 silly mapToRegistry   type: 'tag' }
13 silly mapToRegistry uri https://registry.npmjs.org/bcrypt
14 verbose request uri https://registry.npmjs.org/bcrypt
15 verbose request no auth needed
16 info attempt registry request try #1 at 16:14:27
17 verbose request id 749a421bdf0937e5
18 verbose etag "C732ZMNYAG6GBU1DOLULG793M"
19 http request GET https://registry.npmjs.org/bcrypt
20 http 304 https://registry.npmjs.org/bcrypt
21 verbose headers { date: 'Mon, 17 Oct 2016 21:14:29 GMT',
21 verbose headers   via: '1.1 varnish',
21 verbose headers   'cache-control': 'max-age=300',
21 verbose headers   etag: '"C732ZMNYAG6GBU1DOLULG793M"',
21 verbose headers   age: '210',
21 verbose headers   connection: 'keep-alive',
21 verbose headers   'x-served-by': 'cache-dfw1841-DFW',
21 verbose headers   'x-cache': 'HIT',
21 verbose headers   'x-cache-hits': '1',
21 verbose headers   'x-timer': 'S1476738869.133564,VS0,VE0',
21 verbose headers   vary: 'Accept-Encoding' }
22 silly get cb [ 304,
22 silly get   { date: 'Mon, 17 Oct 2016 21:14:29 GMT',
22 silly get     via: '1.1 varnish',
22 silly get     'cache-control': 'max-age=300',
22 silly get     etag: '"C732ZMNYAG6GBU1DOLULG793M"',
22 silly get     age: '210',
22 silly get     connection: 'keep-alive',
22 silly get     'x-served-by': 'cache-dfw1841-DFW',
22 silly get     'x-cache': 'HIT',
22 silly get     'x-cache-hits': '1',
22 silly get     'x-timer': 'S1476738869.133564,VS0,VE0',
22 silly get     vary: 'Accept-Encoding' } ]
23 verbose etag https://registry.npmjs.org/bcrypt from cache
24 verbose get saving bcrypt to /home/metlife/.npm/registry.npmjs.org/bcrypt/.cache.json
25 verbose correctMkdir /home/metlife/.npm correctMkdir not in flight; initializing
26 silly install normalizeTree
27 silly loadCurrentTree Finishing
28 silly loadIdealTree Starting
29 silly install loadIdealTree
30 silly cloneCurrentTree Starting
31 silly install cloneCurrentTreeToIdealTree
32 silly cloneCurrentTree Finishing
33 silly loadShrinkwrap Starting
34 silly install loadShrinkwrap
35 silly loadShrinkwrap Finishing
36 silly loadAllDepsIntoIdealTree Starting
37 silly install loadAllDepsIntoIdealTree
38 silly resolveWithNewModule bcrypt@0.8.7 checking installable status
39 silly cache add args [ 'bcrypt', null ]
40 verbose cache add spec bcrypt
41 silly cache add parsed spec Result {
41 silly cache add   raw: 'bcrypt',
41 silly cache add   scope: null,
41 silly cache add   escapedName: 'bcrypt',
41 silly cache add   name: 'bcrypt',
41 silly cache add   rawSpec: '',
41 silly cache add   spec: 'latest',
41 silly cache add   type: 'tag' }
42 silly addNamed bcrypt@latest
43 verbose addNamed "latest" is being treated as a dist-tag for bcrypt
44 info addNameTag [ 'bcrypt', 'latest' ]
45 silly mapToRegistry name bcrypt
46 silly mapToRegistry using default registry
47 silly mapToRegistry registry https://registry.npmjs.org/
48 silly mapToRegistry data Result {
48 silly mapToRegistry   raw: 'bcrypt',
48 silly mapToRegistry   scope: null,
48 silly mapToRegistry   escapedName: 'bcrypt',
48 silly mapToRegistry   name: 'bcrypt',
48 silly mapToRegistry   rawSpec: '',
48 silly mapToRegistry   spec: 'latest',
48 silly mapToRegistry   type: 'tag' }
49 silly mapToRegistry uri https://registry.npmjs.org/bcrypt
50 verbose addNameTag registry:https://registry.npmjs.org/bcrypt not in flight; fetching
51 verbose get https://registry.npmjs.org/bcrypt not expired, no request
52 silly addNameTag next cb for bcrypt with tag latest
53 silly addNamed bcrypt@0.8.7
54 verbose addNamed "0.8.7" is a plain semver version for bcrypt
55 silly cache afterAdd bcrypt@0.8.7
56 verbose afterAdd /home/metlife/.npm/bcrypt/0.8.7/package/package.json not in flight; writing
57 verbose correctMkdir /home/metlife/.npm correctMkdir not in flight; initializing
58 verbose afterAdd /home/metlife/.npm/bcrypt/0.8.7/package/package.json written
59 silly fetchNamedPackageData bindings
60 silly mapToRegistry name bindings
61 silly mapToRegistry using default registry
62 silly mapToRegistry registry https://registry.npmjs.org/
63 silly mapToRegistry data Result {
63 silly mapToRegistry   raw: 'bindings',
63 silly mapToRegistry   scope: null,
63 silly mapToRegistry   escapedName: 'bindings',
63 silly mapToRegistry   name: 'bindings',
63 silly mapToRegistry   rawSpec: '',
63 silly mapToRegistry   spec: 'latest',
63 silly mapToRegistry   type: 'tag' }
64 silly mapToRegistry uri https://registry.npmjs.org/bindings
65 silly fetchNamedPackageData nan
66 silly mapToRegistry name nan
67 silly mapToRegistry using default registry
68 silly mapToRegistry registry https://registry.npmjs.org/
69 silly mapToRegistry data Result {
69 silly mapToRegistry   raw: 'nan',
69 silly mapToRegistry   scope: null,
69 silly mapToRegistry   escapedName: 'nan',
69 silly mapToRegistry   name: 'nan',
69 silly mapToRegistry   rawSpec: '',
69 silly mapToRegistry   spec: 'latest',
69 silly mapToRegistry   type: 'tag' }
70 silly mapToRegistry uri https://registry.npmjs.org/nan
71 verbose request uri https://registry.npmjs.org/bindings
72 verbose request no auth needed
73 info attempt registry request try #1 at 16:14:29
74 verbose etag "C1AW6UVQGY4VZQGFC1WTIGMDV"
75 http request GET https://registry.npmjs.org/bindings
76 verbose request uri https://registry.npmjs.org/nan
77 verbose request no auth needed
78 info attempt registry request try #1 at 16:14:29
79 verbose etag "1YJEPM5V4XH0MZT0HV3B8R9BB"
80 http request GET https://registry.npmjs.org/nan
81 http 304 https://registry.npmjs.org/bindings
82 verbose headers { date: 'Mon, 17 Oct 2016 21:14:29 GMT',
82 verbose headers   via: '1.1 varnish',
82 verbose headers   'cache-control': 'max-age=300',
82 verbose headers   etag: '"C1AW6UVQGY4VZQGFC1WTIGMDV"',
82 verbose headers   age: '255',
82 verbose headers   connection: 'keep-alive',
82 verbose headers   'x-served-by': 'cache-dfw1841-DFW',
82 verbose headers   'x-cache': 'HIT',
82 verbose headers   'x-cache-hits': '1',
82 verbose headers   'x-timer': 'S1476738869.641310,VS0,VE0',
82 verbose headers   vary: 'Accept-Encoding' }
83 silly get cb [ 304,
83 silly get   { date: 'Mon, 17 Oct 2016 21:14:29 GMT',
83 silly get     via: '1.1 varnish',
83 silly get     'cache-control': 'max-age=300',
83 silly get     etag: '"C1AW6UVQGY4VZQGFC1WTIGMDV"',
83 silly get     age: '255',
83 silly get     connection: 'keep-alive',
83 silly get     'x-served-by': 'cache-dfw1841-DFW',
83 silly get     'x-cache': 'HIT',
83 silly get     'x-cache-hits': '1',
83 silly get     'x-timer': 'S1476738869.641310,VS0,VE0',
83 silly get     vary: 'Accept-Encoding' } ]
84 verbose etag https://registry.npmjs.org/bindings from cache
85 verbose get saving bindings to /home/metlife/.npm/registry.npmjs.org/bindings/.cache.json
86 verbose correctMkdir /home/metlife/.npm correctMkdir not in flight; initializing
87 silly resolveWithNewModule bindings@1.2.1 checking installable status
88 silly cache add args [ 'bindings@1.2.1', null ]
89 verbose cache add spec bindings@1.2.1
90 silly cache add parsed spec Result {
90 silly cache add   raw: 'bindings@1.2.1',
90 silly cache add   scope: null,
90 silly cache add   escapedName: 'bindings',
90 silly cache add   name: 'bindings',
90 silly cache add   rawSpec: '1.2.1',
90 silly cache add   spec: '1.2.1',
90 silly cache add   type: 'version' }
91 silly addNamed bindings@1.2.1
92 verbose addNamed "1.2.1" is a plain semver version for bindings
93 silly mapToRegistry name bindings
94 silly mapToRegistry using default registry
95 silly mapToRegistry registry https://registry.npmjs.org/
96 silly mapToRegistry data Result {
96 silly mapToRegistry   raw: 'bindings',
96 silly mapToRegistry   scope: null,
96 silly mapToRegistry   escapedName: 'bindings',
96 silly mapToRegistry   name: 'bindings',
96 silly mapToRegistry   rawSpec: '',
96 silly mapToRegistry   spec: 'latest',
96 silly mapToRegistry   type: 'tag' }
97 silly mapToRegistry uri https://registry.npmjs.org/bindings
98 verbose addNameVersion registry:https://registry.npmjs.org/bindings not in flight; fetching
99 verbose get https://registry.npmjs.org/bindings not expired, no request
100 silly cache afterAdd bindings@1.2.1
101 verbose afterAdd /home/metlife/.npm/bindings/1.2.1/package/package.json not in flight; writing
102 verbose correctMkdir /home/metlife/.npm correctMkdir not in flight; initializing
103 verbose afterAdd /home/metlife/.npm/bindings/1.2.1/package/package.json written
104 http 304 https://registry.npmjs.org/nan
105 verbose headers { date: 'Mon, 17 Oct 2016 21:14:29 GMT',
105 verbose headers   via: '1.1 varnish',
105 verbose headers   'cache-control': 'max-age=300',
105 verbose headers   etag: '"1YJEPM5V4XH0MZT0HV3B8R9BB"',
105 verbose headers   age: '160',
105 verbose headers   connection: 'keep-alive',
105 verbose headers   'x-served-by': 'cache-dfw1846-DFW',
105 verbose headers   'x-cache': 'HIT',
105 verbose headers   'x-cache-hits': '4',
105 verbose headers   'x-timer': 'S1476738869.756763,VS0,VE0',
105 verbose headers   vary: 'Accept-Encoding' }
106 silly get cb [ 304,
106 silly get   { date: 'Mon, 17 Oct 2016 21:14:29 GMT',
106 silly get     via: '1.1 varnish',
106 silly get     'cache-control': 'max-age=300',
106 silly get     etag: '"1YJEPM5V4XH0MZT0HV3B8R9BB"',
106 silly get     age: '160',
106 silly get     connection: 'keep-alive',
106 silly get     'x-served-by': 'cache-dfw1846-DFW',
106 silly get     'x-cache': 'HIT',
106 silly get     'x-cache-hits': '4',
106 silly get     'x-timer': 'S1476738869.756763,VS0,VE0',
106 silly get     vary: 'Accept-Encoding' } ]
107 verbose etag https://registry.npmjs.org/nan from cache
108 verbose get saving nan to /home/metlife/.npm/registry.npmjs.org/nan/.cache.json
109 verbose correctMkdir /home/metlife/.npm correctMkdir not in flight; initializing
110 silly resolveWithNewModule nan@2.3.5 checking installable status
111 silly cache add args [ 'nan@2.3.5', null ]
112 verbose cache add spec nan@2.3.5
113 silly cache add parsed spec Result {
113 silly cache add   raw: 'nan@2.3.5',
113 silly cache add   scope: null,
113 silly cache add   escapedName: 'nan',
113 silly cache add   name: 'nan',
113 silly cache add   rawSpec: '2.3.5',
113 silly cache add   spec: '2.3.5',
113 silly cache add   type: 'version' }
114 silly addNamed nan@2.3.5
115 verbose addNamed "2.3.5" is a plain semver version for nan
116 silly mapToRegistry name nan
117 silly mapToRegistry using default registry
118 silly mapToRegistry registry https://registry.npmjs.org/
119 silly mapToRegistry data Result {
119 silly mapToRegistry   raw: 'nan',
119 silly mapToRegistry   scope: null,
119 silly mapToRegistry   escapedName: 'nan',
119 silly mapToRegistry   name: 'nan',
119 silly mapToRegistry   rawSpec: '',
119 silly mapToRegistry   spec: 'latest',
119 silly mapToRegistry   type: 'tag' }
120 silly mapToRegistry uri https://registry.npmjs.org/nan
121 verbose addNameVersion registry:https://registry.npmjs.org/nan not in flight; fetching
122 verbose get https://registry.npmjs.org/nan not expired, no request
123 silly cache afterAdd nan@2.3.5
124 verbose afterAdd /home/metlife/.npm/nan/2.3.5/package/package.json not in flight; writing
125 verbose correctMkdir /home/metlife/.npm correctMkdir not in flight; initializing
126 verbose afterAdd /home/metlife/.npm/nan/2.3.5/package/package.json written
127 silly loadAllDepsIntoIdealTree Finishing
128 silly loadIdealTree Finishing
129 silly currentTree plantilla@
129 silly currentTree ├── abbrev@1.0.9
129 silly currentTree ├── ansi-regex@2.0.0
129 silly currentTree ├── ansi-styles@2.2.1
129 silly currentTree ├── aproba@1.0.4
129 silly currentTree ├── are-we-there-yet@1.1.2
129 silly currentTree ├── array-index@1.0.0
129 silly currentTree ├── asn1@0.2.3
129 silly currentTree ├── assert-plus@0.2.0
129 silly currentTree ├── asynckit@0.4.0
129 silly currentTree ├── aws-sign2@0.6.0
129 silly currentTree ├── aws4@1.5.0
129 silly currentTree ├── balanced-match@0.4.2
129 silly currentTree ├── bcrypt-pbkdf@1.0.0
129 silly currentTree ├─┬ bl@1.1.2
129 silly currentTree │ └── readable-stream@2.0.6
129 silly currentTree ├── block-stream@0.0.9
129 silly currentTree ├── boom@2.10.1
129 silly currentTree ├── brace-expansion@1.1.6
129 silly currentTree ├── buffer-shims@1.0.0
129 silly currentTree ├── caseless@0.11.0
129 silly currentTree ├── chalk@1.1.3
129 silly currentTree ├── code-point-at@1.0.1
129 silly currentTree ├── combined-stream@1.0.5
129 silly currentTree ├── commander@2.9.0
129 silly currentTree ├── concat-map@0.0.1
129 silly currentTree ├── console-control-strings@1.1.0
129 silly currentTree ├── core-util-is@1.0.2
129 silly currentTree ├── cryptiles@2.0.5
129 silly currentTree ├── d@0.1.1
129 silly currentTree ├─┬ dashdash@1.14.0
129 silly currentTree │ └── assert-plus@1.0.0
129 silly currentTree ├── debug@2.2.0
129 silly currentTree ├── delayed-stream@1.0.0
129 silly currentTree ├── delegates@1.0.0
129 silly currentTree ├── ecc-jsbn@0.1.1
129 silly currentTree ├── echarts@3.2.1
129 silly currentTree ├── es5-ext@0.10.12
129 silly currentTree ├── es6-iterator@2.0.0
129 silly currentTree ├── es6-symbol@3.1.0
129 silly currentTree ├── escape-string-regexp@1.0.5
129 silly currentTree ├── extend@3.0.0
129 silly currentTree ├── extsprintf@1.0.2
129 silly currentTree ├── forever-agent@0.6.1
129 silly currentTree ├── form-data@2.0.0
129 silly currentTree ├── fs.realpath@1.0.0
129 silly currentTree ├── fstream@1.0.10
129 silly currentTree ├── gauge@2.6.0
129 silly currentTree ├── generate-function@2.0.0
129 silly currentTree ├── generate-object-property@1.2.0
129 silly currentTree ├─┬ getpass@0.1.6
129 silly currentTree │ └── assert-plus@1.0.0
129 silly currentTree ├── glob@7.1.1
129 silly currentTree ├── graceful-fs@4.1.9
129 silly currentTree ├── graceful-readlink@1.0.1
129 silly currentTree ├── har-validator@2.0.6
129 silly currentTree ├── has-ansi@2.0.0
129 silly currentTree ├── has-color@0.1.7
129 silly currentTree ├── has-unicode@2.0.1
129 silly currentTree ├── hawk@3.1.3
129 silly currentTree ├── hoek@2.16.3
129 silly currentTree ├── http-signature@1.1.1
129 silly currentTree ├── inflight@1.0.6
129 silly currentTree ├── inherits@2.0.3
129 silly currentTree ├── is-fullwidth-code-point@1.0.0
129 silly currentTree ├── is-my-json-valid@2.15.0
129 silly currentTree ├── is-property@1.0.2
129 silly currentTree ├── is-typedarray@1.0.0
129 silly currentTree ├── isarray@1.0.0
129 silly currentTree ├── isexe@1.1.2
129 silly currentTree ├── isstream@0.1.2
129 silly currentTree ├── jodid25519@1.0.2
129 silly currentTree ├── jsbn@0.1.0
129 silly currentTree ├── json-schema@0.2.3
129 silly currentTree ├── json-stringify-safe@5.0.1
129 silly currentTree ├── jsonpointer@4.0.0
129 silly currentTree ├── jsprim@1.3.1
129 silly currentTree ├── mime-db@1.24.0
129 silly currentTree ├── mime-types@2.1.12
129 silly currentTree ├── minimatch@3.0.3
129 silly currentTree ├── minimist@0.0.8
129 silly currentTree ├── mkdirp@0.5.1
129 silly currentTree ├── ms@0.7.1
129 silly currentTree ├── node-gyp@3.4.0
129 silly currentTree ├── node-uuid@1.4.7
129 silly currentTree ├── nopt@3.0.6
129 silly currentTree ├── npmlog@3.1.2
129 silly currentTree ├── number-is-nan@1.0.1
129 silly currentTree ├── oauth-sign@0.8.2
129 silly currentTree ├── object-assign@4.1.0
129 silly currentTree ├── once@1.4.0
129 silly currentTree ├── optimist@0.3.7
129 silly currentTree ├── os-homedir@1.0.2
129 silly currentTree ├── os-tmpdir@1.0.2
129 silly currentTree ├── osenv@0.1.3
129 silly currentTree ├── path-array@1.0.1
129 silly currentTree ├── path-is-absolute@1.0.1
129 silly currentTree ├── pinkie-promise@2.0.1
129 silly currentTree ├── pinkie@2.0.4
129 silly currentTree ├── process-nextick-args@1.0.7
129 silly currentTree ├── qs@6.2.1
129 silly currentTree ├── readable-stream@2.1.5
129 silly currentTree ├── rebuild@0.1.2
129 silly currentTree ├── request@2.75.0
129 silly currentTree ├── rimraf@2.5.4
129 silly currentTree ├── semver@5.3.0
129 silly currentTree ├── set-blocking@2.0.0
129 silly currentTree ├── signal-exit@3.0.1
129 silly currentTree ├── sntp@1.0.9
129 silly currentTree ├─┬ sshpk@1.10.1
129 silly currentTree │ └── assert-plus@1.0.0
129 silly currentTree ├── string_decoder@0.10.31
129 silly currentTree ├── string-width@1.0.2
129 silly currentTree ├── stringstream@0.0.5
129 silly currentTree ├── strip-ansi@3.0.1
129 silly currentTree ├── supports-color@2.0.0
129 silly currentTree ├── tar@2.2.1
129 silly currentTree ├── tough-cookie@2.3.1
129 silly currentTree ├── tunnel-agent@0.4.3
129 silly currentTree ├── tweetnacl@0.14.3
129 silly currentTree ├── util-deprecate@1.0.2
129 silly currentTree ├── verror@1.3.6
129 silly currentTree ├── which@1.2.11
129 silly currentTree ├── wide-align@1.1.0
129 silly currentTree ├── wordwrap@0.0.3
129 silly currentTree ├── wrappy@1.0.2
129 silly currentTree ├── xtend@4.0.1
129 silly currentTree └── zrender@3.1.3
130 silly idealTree plantilla@
130 silly idealTree ├── abbrev@1.0.9
130 silly idealTree ├── ansi-regex@2.0.0
130 silly idealTree ├── ansi-styles@2.2.1
130 silly idealTree ├── aproba@1.0.4
130 silly idealTree ├── are-we-there-yet@1.1.2
130 silly idealTree ├── array-index@1.0.0
130 silly idealTree ├── asn1@0.2.3
130 silly idealTree ├── assert-plus@0.2.0
130 silly idealTree ├── asynckit@0.4.0
130 silly idealTree ├── aws-sign2@0.6.0
130 silly idealTree ├── aws4@1.5.0
130 silly idealTree ├── balanced-match@0.4.2
130 silly idealTree ├── bcrypt-pbkdf@1.0.0
130 silly idealTree ├── bcrypt@0.8.7
130 silly idealTree ├── bindings@1.2.1
130 silly idealTree ├─┬ bl@1.1.2
130 silly idealTree │ └── readable-stream@2.0.6
130 silly idealTree ├── block-stream@0.0.9
130 silly idealTree ├── boom@2.10.1
130 silly idealTree ├── brace-expansion@1.1.6
130 silly idealTree ├── buffer-shims@1.0.0
130 silly idealTree ├── caseless@0.11.0
130 silly idealTree ├── chalk@1.1.3
130 silly idealTree ├── code-point-at@1.0.1
130 silly idealTree ├── combined-stream@1.0.5
130 silly idealTree ├── commander@2.9.0
130 silly idealTree ├── concat-map@0.0.1
130 silly idealTree ├── console-control-strings@1.1.0
130 silly idealTree ├── core-util-is@1.0.2
130 silly idealTree ├── cryptiles@2.0.5
130 silly idealTree ├── d@0.1.1
130 silly idealTree ├─┬ dashdash@1.14.0
130 silly idealTree │ └── assert-plus@1.0.0
130 silly idealTree ├── debug@2.2.0
130 silly idealTree ├── delayed-stream@1.0.0
130 silly idealTree ├── delegates@1.0.0
130 silly idealTree ├── ecc-jsbn@0.1.1
130 silly idealTree ├── echarts@3.2.1
130 silly idealTree ├── es5-ext@0.10.12
130 silly idealTree ├── es6-iterator@2.0.0
130 silly idealTree ├── es6-symbol@3.1.0
130 silly idealTree ├── escape-string-regexp@1.0.5
130 silly idealTree ├── extend@3.0.0
130 silly idealTree ├── extsprintf@1.0.2
130 silly idealTree ├── forever-agent@0.6.1
130 silly idealTree ├── form-data@2.0.0
130 silly idealTree ├── fs.realpath@1.0.0
130 silly idealTree ├── fstream@1.0.10
130 silly idealTree ├── gauge@2.6.0
130 silly idealTree ├── generate-function@2.0.0
130 silly idealTree ├── generate-object-property@1.2.0
130 silly idealTree ├─┬ getpass@0.1.6
130 silly idealTree │ └── assert-plus@1.0.0
130 silly idealTree ├── glob@7.1.1
130 silly idealTree ├── graceful-fs@4.1.9
130 silly idealTree ├── graceful-readlink@1.0.1
130 silly idealTree ├── har-validator@2.0.6
130 silly idealTree ├── has-ansi@2.0.0
130 silly idealTree ├── has-color@0.1.7
130 silly idealTree ├── has-unicode@2.0.1
130 silly idealTree ├── hawk@3.1.3
130 silly idealTree ├── hoek@2.16.3
130 silly idealTree ├── http-signature@1.1.1
130 silly idealTree ├── inflight@1.0.6
130 silly idealTree ├── inherits@2.0.3
130 silly idealTree ├── is-fullwidth-code-point@1.0.0
130 silly idealTree ├── is-my-json-valid@2.15.0
130 silly idealTree ├── is-property@1.0.2
130 silly idealTree ├── is-typedarray@1.0.0
130 silly idealTree ├── isarray@1.0.0
130 silly idealTree ├── isexe@1.1.2
130 silly idealTree ├── isstream@0.1.2
130 silly idealTree ├── jodid25519@1.0.2
130 silly idealTree ├── jsbn@0.1.0
130 silly idealTree ├── json-schema@0.2.3
130 silly idealTree ├── json-stringify-safe@5.0.1
130 silly idealTree ├── jsonpointer@4.0.0
130 silly idealTree ├── jsprim@1.3.1
130 silly idealTree ├── mime-db@1.24.0
130 silly idealTree ├── mime-types@2.1.12
130 silly idealTree ├── minimatch@3.0.3
130 silly idealTree ├── minimist@0.0.8
130 silly idealTree ├── mkdirp@0.5.1
130 silly idealTree ├── ms@0.7.1
130 silly idealTree ├── nan@2.3.5
130 silly idealTree ├── node-gyp@3.4.0
130 silly idealTree ├── node-uuid@1.4.7
130 silly idealTree ├── nopt@3.0.6
130 silly idealTree ├── npmlog@3.1.2
130 silly idealTree ├── number-is-nan@1.0.1
130 silly idealTree ├── oauth-sign@0.8.2
130 silly idealTree ├── object-assign@4.1.0
130 silly idealTree ├── once@1.4.0
130 silly idealTree ├── optimist@0.3.7
130 silly idealTree ├── os-homedir@1.0.2
130 silly idealTree ├── os-tmpdir@1.0.2
130 silly idealTree ├── osenv@0.1.3
130 silly idealTree ├── path-array@1.0.1
130 silly idealTree ├── path-is-absolute@1.0.1
130 silly idealTree ├── pinkie-promise@2.0.1
130 silly idealTree ├── pinkie@2.0.4
130 silly idealTree ├── process-nextick-args@1.0.7
130 silly idealTree ├── qs@6.2.1
130 silly idealTree ├── readable-stream@2.1.5
130 silly idealTree ├── rebuild@0.1.2
130 silly idealTree ├── request@2.75.0
130 silly idealTree ├── rimraf@2.5.4
130 silly idealTree ├── semver@5.3.0
130 silly idealTree ├── set-blocking@2.0.0
130 silly idealTree ├── signal-exit@3.0.1
130 silly idealTree ├── sntp@1.0.9
130 silly idealTree ├─┬ sshpk@1.10.1
130 silly idealTree │ └── assert-plus@1.0.0
130 silly idealTree ├── string_decoder@0.10.31
130 silly idealTree ├── string-width@1.0.2
130 silly idealTree ├── stringstream@0.0.5
130 silly idealTree ├── strip-ansi@3.0.1
130 silly idealTree ├── supports-color@2.0.0
130 silly idealTree ├── tar@2.2.1
130 silly idealTree ├── tough-cookie@2.3.1
130 silly idealTree ├── tunnel-agent@0.4.3
130 silly idealTree ├── tweetnacl@0.14.3
130 silly idealTree ├── util-deprecate@1.0.2
130 silly idealTree ├── verror@1.3.6
130 silly idealTree ├── which@1.2.11
130 silly idealTree ├── wide-align@1.1.0
130 silly idealTree ├── wordwrap@0.0.3
130 silly idealTree ├── wrappy@1.0.2
130 silly idealTree ├── xtend@4.0.1
130 silly idealTree └── zrender@3.1.3
131 silly generateActionsToTake Starting
132 silly install generateActionsToTake
133 silly generateActionsToTake Finishing
134 silly diffTrees action count 3
135 silly diffTrees add bindings@1.2.1
136 silly diffTrees add nan@2.3.5
137 silly diffTrees add bcrypt@0.8.7
138 silly decomposeActions action count 24
139 silly decomposeActions fetch bindings@1.2.1
140 silly decomposeActions extract bindings@1.2.1
141 silly decomposeActions test bindings@1.2.1
142 silly decomposeActions preinstall bindings@1.2.1
143 silly decomposeActions build bindings@1.2.1
144 silly decomposeActions install bindings@1.2.1
145 silly decomposeActions postinstall bindings@1.2.1
146 silly decomposeActions finalize bindings@1.2.1
147 silly decomposeActions fetch nan@2.3.5
148 silly decomposeActions extract nan@2.3.5
149 silly decomposeActions test nan@2.3.5
150 silly decomposeActions preinstall nan@2.3.5
151 silly decomposeActions build nan@2.3.5
152 silly decomposeActions install nan@2.3.5
153 silly decomposeActions postinstall nan@2.3.5
154 silly decomposeActions finalize nan@2.3.5
155 silly decomposeActions fetch bcrypt@0.8.7
156 silly decomposeActions extract bcrypt@0.8.7
157 silly decomposeActions test bcrypt@0.8.7
158 silly decomposeActions preinstall bcrypt@0.8.7
159 silly decomposeActions build bcrypt@0.8.7
160 silly decomposeActions install bcrypt@0.8.7
161 silly decomposeActions postinstall bcrypt@0.8.7
162 silly decomposeActions finalize bcrypt@0.8.7
163 silly runTopLevelLifecycles Starting
164 silly executeActions Starting
165 silly install executeActions
166 silly doSerial global-install 0
167 silly doParallel fetch 3
168 verbose correctMkdir /home/metlife/.npm/_locks correctMkdir not in flight; initializing
169 verbose lock using /home/metlife/.npm/_locks/staging-3d5fdec2fc295af8.lock for /home/metlife/Documentos/projects/plantilla/node_modules/.staging
170 silly doParallel extract 3
171 silly extract bindings@1.2.1
172 silly extract nan@2.3.5
173 silly extract bcrypt@0.8.7
174 verbose unbuild node_modules/.staging/bindings-2118111a
175 verbose unbuild node_modules/.staging/nan-bd4e60dd
176 verbose unbuild node_modules/.staging/bcrypt-e1ac77c0
177 silly gentlyRm /home/metlife/Documentos/projects/plantilla/node_modules/.staging/bindings-2118111a is being purged from base /home/metlife/Documentos/projects/plantilla
178 verbose gentlyRm don't care about contents; nuking /home/metlife/Documentos/projects/plantilla/node_modules/.staging/bindings-2118111a
179 silly gentlyRm /home/metlife/Documentos/projects/plantilla/node_modules/.staging/nan-bd4e60dd is being purged from base /home/metlife/Documentos/projects/plantilla
180 verbose gentlyRm don't care about contents; nuking /home/metlife/Documentos/projects/plantilla/node_modules/.staging/nan-bd4e60dd
181 silly gentlyRm /home/metlife/Documentos/projects/plantilla/node_modules/.staging/bcrypt-e1ac77c0 is being purged from base /home/metlife/Documentos/projects/plantilla
182 verbose gentlyRm don't care about contents; nuking /home/metlife/Documentos/projects/plantilla/node_modules/.staging/bcrypt-e1ac77c0
183 verbose tar unpack /home/metlife/.npm/bindings/1.2.1/package.tgz
184 verbose tar unpacking to /home/metlife/Documentos/projects/plantilla/node_modules/.staging/bindings-2118111a
185 silly gentlyRm /home/metlife/Documentos/projects/plantilla/node_modules/.staging/bindings-2118111a is being purged
186 verbose gentlyRm don't care about contents; nuking /home/metlife/Documentos/projects/plantilla/node_modules/.staging/bindings-2118111a
187 verbose tar unpack /home/metlife/.npm/nan/2.3.5/package.tgz
188 verbose tar unpacking to /home/metlife/Documentos/projects/plantilla/node_modules/.staging/nan-bd4e60dd
189 silly gentlyRm /home/metlife/Documentos/projects/plantilla/node_modules/.staging/nan-bd4e60dd is being purged
190 verbose gentlyRm don't care about contents; nuking /home/metlife/Documentos/projects/plantilla/node_modules/.staging/nan-bd4e60dd
191 verbose tar unpack /home/metlife/.npm/bcrypt/0.8.7/package.tgz
192 verbose tar unpacking to /home/metlife/Documentos/projects/plantilla/node_modules/.staging/bcrypt-e1ac77c0
193 silly gentlyRm /home/metlife/Documentos/projects/plantilla/node_modules/.staging/bcrypt-e1ac77c0 is being purged
194 verbose gentlyRm don't care about contents; nuking /home/metlife/Documentos/projects/plantilla/node_modules/.staging/bcrypt-e1ac77c0
195 silly gunzTarPerm modes [ '775', '664' ]
196 silly gunzTarPerm modes [ '775', '664' ]
197 silly gunzTarPerm modes [ '775', '664' ]
198 silly gunzTarPerm extractEntry package.json
199 silly gunzTarPerm modified mode [ 'package.json', 420, 436 ]
200 silly gunzTarPerm extractEntry package.json
201 silly gunzTarPerm extractEntry package.json
202 silly gunzTarPerm modified mode [ 'package.json', 420, 436 ]
203 silly gunzTarPerm extractEntry README.md
204 silly gunzTarPerm modified mode [ 'README.md', 420, 436 ]
205 silly gunzTarPerm extractEntry bindings.js
206 silly gunzTarPerm modified mode [ 'bindings.js', 420, 436 ]
207 silly gunzTarPerm extractEntry README.md
208 silly gunzTarPerm extractEntry include_dirs.js
209 silly gunzTarPerm extractEntry .npmignore
210 silly gunzTarPerm modified mode [ '.npmignore', 420, 436 ]
211 silly gunzTarPerm extractEntry README.md
212 silly gunzTarPerm modified mode [ 'README.md', 420, 436 ]
213 silly gunzTarPerm extractEntry nan_converters.h
214 silly gunzTarPerm extractEntry LICENSE.md
215 silly gunzTarPerm extractEntry doc/node_misc.md
216 silly gunzTarPerm extractEntry LICENSE
217 silly gunzTarPerm modified mode [ 'LICENSE', 420, 436 ]
218 silly gunzTarPerm extractEntry bcrypt.js
219 silly gunzTarPerm modified mode [ 'bcrypt.js', 420, 436 ]
220 silly gunzTarPerm extractEntry Makefile
221 silly gunzTarPerm modified mode [ 'Makefile', 420, 436 ]
222 silly gunzTarPerm extractEntry .travis.yml
223 silly gunzTarPerm modified mode [ '.travis.yml', 420, 436 ]
224 silly gunzTarPerm extractEntry CHANGELOG.md
225 silly gunzTarPerm modified mode [ 'CHANGELOG.md', 420, 436 ]
226 silly gunzTarPerm extractEntry binding.gyp
227 silly gunzTarPerm modified mode [ 'binding.gyp', 420, 436 ]
228 silly gunzTarPerm extractEntry examples/async_compare.js
229 silly gunzTarPerm modified mode [ 'examples/async_compare.js', 420, 436 ]
230 silly gunzTarPerm extractEntry examples/forever_gen_salt.js
231 silly gunzTarPerm modified mode [ 'examples/forever_gen_salt.js', 420, 436 ]
232 silly gunzTarPerm extractEntry test/async.js
233 silly gunzTarPerm modified mode [ 'test/async.js', 420, 436 ]
234 silly gunzTarPerm extractEntry test/repetitions.js
235 silly gunzTarPerm modified mode [ 'test/repetitions.js', 420, 436 ]
236 silly gunzTarPerm extractEntry test/sync.js
237 silly gunzTarPerm modified mode [ 'test/sync.js', 420, 436 ]
238 silly gunzTarPerm extractEntry ISSUE_TEMPLATE.md
239 silly gunzTarPerm modified mode [ 'ISSUE_TEMPLATE.md', 420, 436 ]
240 silly gunzTarPerm extractEntry src/bcrypt.cc
241 silly gunzTarPerm modified mode [ 'src/bcrypt.cc', 420, 436 ]
242 silly gunzTarPerm extractEntry src/bcrypt_node.cc
243 silly gunzTarPerm modified mode [ 'src/bcrypt_node.cc', 420, 436 ]
244 silly gunzTarPerm extractEntry src/blowfish.cc
245 silly gunzTarPerm modified mode [ 'src/blowfish.cc', 420, 436 ]
246 silly gunzTarPerm extractEntry src/node_blf.h
247 silly gunzTarPerm modified mode [ 'src/node_blf.h', 420, 436 ]
248 silly gunzTarPerm extractEntry werker.yml
249 silly gunzTarPerm modified mode [ 'werker.yml', 420, 436 ]
250 silly gunzTarPerm extractEntry doc/asyncworker.md
251 silly gunzTarPerm extractEntry doc/callback.md
252 silly gunzTarPerm extractEntry doc/converters.md
253 silly gunzTarPerm extractEntry doc/errors.md
254 silly gunzTarPerm extractEntry doc/maybe_types.md
255 silly gunzTarPerm extractEntry doc/methods.md
256 silly gunzTarPerm extractEntry doc/new.md
257 silly gentlyRm /home/metlife/Documentos/projects/plantilla/node_modules/.staging/bindings-2118111a/node_modules is being purged
258 verbose gentlyRm don't care about contents; nuking /home/metlife/Documentos/projects/plantilla/node_modules/.staging/bindings-2118111a/node_modules
259 silly gunzTarPerm extractEntry doc/buffers.md
260 silly gunzTarPerm extractEntry doc/object_wrappers.md
261 silly gunzTarPerm extractEntry doc/persistent.md
262 silly gunzTarPerm extractEntry doc/scopes.md
263 silly gunzTarPerm extractEntry doc/script.md
264 silly gunzTarPerm extractEntry doc/string_bytes.md
265 silly gunzTarPerm extractEntry doc/v8_internals.md
266 silly gunzTarPerm extractEntry doc/v8_misc.md
267 silly gunzTarPerm extractEntry nan.h
268 silly gunzTarPerm extractEntry nan_callbacks.h
269 silly gunzTarPerm extractEntry nan_callbacks_12_inl.h
270 silly gunzTarPerm extractEntry nan_callbacks_pre_12_inl.h
271 silly gunzTarPerm extractEntry nan_converters_43_inl.h
272 silly gunzTarPerm extractEntry nan_converters_pre_43_inl.h
273 silly gunzTarPerm extractEntry nan_implementation_12_inl.h
274 silly gunzTarPerm extractEntry nan_implementation_pre_12_inl.h
275 silly gunzTarPerm extractEntry nan_maybe_43_inl.h
276 silly gunzTarPerm extractEntry nan_maybe_pre_43_inl.h
277 silly gunzTarPerm extractEntry nan_new.h
278 silly gunzTarPerm extractEntry nan_object_wrap.h
279 silly gunzTarPerm extractEntry nan_persistent_12_inl.h
280 silly gunzTarPerm extractEntry nan_persistent_pre_12_inl.h
281 silly gunzTarPerm extractEntry nan_string_bytes.h
282 silly gunzTarPerm extractEntry nan_typedarray_contents.h
283 silly gunzTarPerm extractEntry nan_weak.h
284 silly gunzTarPerm extractEntry CHANGELOG.md
285 silly gunzTarPerm extractEntry tools/package.json
286 silly gunzTarPerm extractEntry tools/README.md
287 silly gunzTarPerm extractEntry tools/1to2.js
288 silly gentlyRm /home/metlife/Documentos/projects/plantilla/node_modules/.staging/bcrypt-e1ac77c0/node_modules is being purged
289 verbose gentlyRm don't care about contents; nuking /home/metlife/Documentos/projects/plantilla/node_modules/.staging/bcrypt-e1ac77c0/node_modules
290 silly gentlyRm /home/metlife/Documentos/projects/plantilla/node_modules/.staging/nan-bd4e60dd/node_modules is being purged
291 verbose gentlyRm don't care about contents; nuking /home/metlife/Documentos/projects/plantilla/node_modules/.staging/nan-bd4e60dd/node_modules
292 silly doParallel preinstall 3
293 silly preinstall bindings@1.2.1 /home/metlife/Documentos/projects/plantilla/node_modules/.staging/bindings-2118111a
294 info lifecycle bindings@1.2.1~preinstall: bindings@1.2.1
295 silly preinstall nan@2.3.5 /home/metlife/Documentos/projects/plantilla/node_modules/.staging/nan-bd4e60dd
296 info lifecycle nan@2.3.5~preinstall: nan@2.3.5
297 silly preinstall bcrypt@0.8.7 /home/metlife/Documentos/projects/plantilla/node_modules/.staging/bcrypt-e1ac77c0
298 info lifecycle bcrypt@0.8.7~preinstall: bcrypt@0.8.7
299 silly lifecycle bindings@1.2.1~preinstall: no script for preinstall, continuing
300 silly lifecycle nan@2.3.5~preinstall: no script for preinstall, continuing
301 silly lifecycle bcrypt@0.8.7~preinstall: no script for preinstall, continuing
302 silly doReverseSerial remove 0
303 silly doSerial move 0
304 silly doSerial finalize 3
305 silly finalize /home/metlife/Documentos/projects/plantilla/node_modules/bindings
306 silly finalize /home/metlife/Documentos/projects/plantilla/node_modules/nan
307 silly finalize /home/metlife/Documentos/projects/plantilla/node_modules/bcrypt
308 silly doSerial build 3
309 silly build bindings@1.2.1
310 info linkStuff bindings@1.2.1
311 silly linkStuff bindings@1.2.1 has /home/metlife/Documentos/projects/plantilla/node_modules as its parent node_modules
312 verbose linkBins bindings@1.2.1
313 verbose linkMans bindings@1.2.1
314 silly build nan@2.3.5
315 info linkStuff nan@2.3.5
316 silly linkStuff nan@2.3.5 has /home/metlife/Documentos/projects/plantilla/node_modules as its parent node_modules
317 verbose linkBins nan@2.3.5
318 verbose linkMans nan@2.3.5
319 silly build bcrypt@0.8.7
320 info linkStuff bcrypt@0.8.7
321 silly linkStuff bcrypt@0.8.7 has /home/metlife/Documentos/projects/plantilla/node_modules as its parent node_modules
322 verbose linkBins bcrypt@0.8.7
323 verbose linkMans bcrypt@0.8.7
324 silly doSerial global-link 0
325 silly doParallel update-linked 0
326 silly doSerial install 3
327 silly install bindings@1.2.1 /home/metlife/Documentos/projects/plantilla/node_modules/.staging/bindings-2118111a
328 info lifecycle bindings@1.2.1~install: bindings@1.2.1
329 silly lifecycle bindings@1.2.1~install: no script for install, continuing
330 silly install nan@2.3.5 /home/metlife/Documentos/projects/plantilla/node_modules/.staging/nan-bd4e60dd
331 info lifecycle nan@2.3.5~install: nan@2.3.5
332 silly lifecycle nan@2.3.5~install: no script for install, continuing
333 silly install bcrypt@0.8.7 /home/metlife/Documentos/projects/plantilla/node_modules/.staging/bcrypt-e1ac77c0
334 info lifecycle bcrypt@0.8.7~install: bcrypt@0.8.7
335 verbose lifecycle bcrypt@0.8.7~install: unsafe-perm in lifecycle true
336 verbose lifecycle bcrypt@0.8.7~install: PATH: /home/metlife/.meteor/packages/meteor-tool/.1.4.1_2.1ho4ff1++os.linux.x86_64+web.browser+web.cordova/mt-os.linux.x86_64/dev_bundle/lib/node_modules/npm/bin/node-gyp-bin:/home/metlife/Documentos/projects/plantilla/node_modules/bcrypt/node_modules/.bin:/home/metlife/Documentos/projects/plantilla/node_modules/.bin:/home/metlife/.meteor/packages/meteor-tool/.1.4.1_2.1ho4ff1++os.linux.x86_64+web.browser+web.cordova/mt-os.linux.x86_64/dev_bundle/bin:/home/metlife/.meteor/packages/meteor-tool/.1.4.1_2.1ho4ff1++os.linux.x86_64+web.browser+web.cordova/mt-os.linux.x86_64/dev_bundle/lib/node_modules/.bin:/home/metlife/bin:/home/metlife/.local/bin:/usr/local/sbin:/usr/local/bin:/usr/sbin:/usr/bin:/sbin:/bin:/usr/games:/usr/local/games:/snap/bin
337 verbose lifecycle bcrypt@0.8.7~install: CWD: /home/metlife/Documentos/projects/plantilla/node_modules/bcrypt
338 silly lifecycle bcrypt@0.8.7~install: Args: [ '-c', 'node-gyp rebuild' ]
339 silly lifecycle bcrypt@0.8.7~install: Returned: code: 1  signal: null
340 info lifecycle bcrypt@0.8.7~install: Failed to exec install script
341 verbose unlock done using /home/metlife/.npm/_locks/staging-3d5fdec2fc295af8.lock for /home/metlife/Documentos/projects/plantilla/node_modules/.staging
342 silly rollbackFailedOptional Starting
343 silly rollbackFailedOptional Finishing
344 silly runTopLevelLifecycles Finishing
345 silly install printInstalled
346 verbose stack Error: bcrypt@0.8.7 install: `node-gyp rebuild`
346 verbose stack Exit status 1
346 verbose stack     at EventEmitter.<anonymous> (/home/metlife/.meteor/packages/meteor-tool/.1.4.1_2.1ho4ff1++os.linux.x86_64+web.browser+web.cordova/mt-os.linux.x86_64/dev_bundle/lib/node_modules/npm/lib/utils/lifecycle.js:255:16)
346 verbose stack     at emitTwo (events.js:87:13)
346 verbose stack     at EventEmitter.emit (events.js:172:7)
346 verbose stack     at ChildProcess.<anonymous> (/home/metlife/.meteor/packages/meteor-tool/.1.4.1_2.1ho4ff1++os.linux.x86_64+web.browser+web.cordova/mt-os.linux.x86_64/dev_bundle/lib/node_modules/npm/lib/utils/spawn.js:40:14)
346 verbose stack     at emitTwo (events.js:87:13)
346 verbose stack     at ChildProcess.emit (events.js:172:7)
346 verbose stack     at maybeClose (internal/child_process.js:829:16)
346 verbose stack     at Process.ChildProcess._handle.onexit (internal/child_process.js:211:5)
347 verbose pkgid bcrypt@0.8.7
348 verbose cwd /home/metlife/Documentos/projects/plantilla
349 error Linux 4.4.0-42-generic
350 error argv "/home/metlife/.meteor/packages/meteor-tool/.1.4.1_2.1ho4ff1++os.linux.x86_64+web.browser+web.cordova/mt-os.linux.x86_64/dev_bundle/bin/node" "/home/metlife/.meteor/packages/meteor-tool/.1.4.1_2.1ho4ff1++os.linux.x86_64+web.browser+web.cordova/mt-os.linux.x86_64/dev_bundle/bin/npm" "install" "--save" "bcrypt"
351 error node v4.6.0
352 error npm  v3.10.8
353 error code ELIFECYCLE
354 error bcrypt@0.8.7 install: `node-gyp rebuild`
354 error Exit status 1
355 error Failed at the bcrypt@0.8.7 install script 'node-gyp rebuild'.
355 error Make sure you have the latest version of node.js and npm installed.
355 error If you do, this is most likely a problem with the bcrypt package,
355 error not with npm itself.
355 error Tell the author that this fails on your system:
355 error     node-gyp rebuild
355 error You can get information on how to open an issue for this project with:
355 error     npm bugs bcrypt
355 error Or if that isn't available, you can get their info via:
355 error     npm owner ls bcrypt
355 error There is likely additional logging output above.
356 verbose exit [ 1, true ]
